<?xml version="1.0" encoding="UTF-8" ?>
<testsuite tests="10" failures="0" name="Calculator.Converter.ConverterTest" time="0.004" errors="0" skipped="0">
  <properties>
[...]
</properties>
  <testcase classname="Calculator.Converter.ConverterTest" name="dirhumToInr" time="0.003"/>
  <testcase classname="Calculator.Converter.ConverterTest" name="inrToDirhum" time="0"/>
  <testcase classname="Calculator.Converter.ConverterTest" name="yenToInr" time="0"/>
  <testcase classname="Calculator.Converter.ConverterTest" name="usdToInr" time="0"/>
  <testcase classname="Calculator.Converter.ConverterTest" name="poundToInr" time="0"/>
  <testcase classname="Calculator.Converter.ConverterTest" name="inrToUsd" time="0"/>
  <testcase classname="Calculator.Converter.ConverterTest" name="inrToYen" time="0"/>
  <testcase classname="Calculator.Converter.ConverterTest" name="inrToPound" time="0"/>
  <testcase classname="Calculator.Converter.ConverterTest" name="inrToRuble" time="0"/>
  <testcase classname="Calculator.Converter.ConverterTest" name="rubleToInr" time="0.001"/>
</testsuite>